2019-01-29T09:12:15+00:00 CRITICAL syntax error, unexpected ')' in C:\xampp\htdocs\golf-1\wp-content\themes\golfcourse\functions.php on line 168

2019-01-29T09:13:16+00:00 CRITICAL syntax error, unexpected ')' in C:\xampp\htdocs\golf-1\wp-content\themes\golfcourse\functions.php on line 168

2019-01-29T09:45:30+00:00 CRITICAL Call to undefined function base_url() in C:\xampp\htdocs\golf-1\wp-content\themes\golfcourse\templates\user-panel.php on line 25

2019-01-29T13:10:32+00:00 CRITICAL require_once(): Failed opening required 'dompdf_config.inc.php' (include_path='C:\xampp\php\PEAR;/path/to/dompdf') in C:\xampp\htdocs\golf-1\wp-content\themes\golfcourse\templates\user-download-card.php on line 9

2019-01-29T13:11:11+00:00 CRITICAL require_once(): Failed opening required 'dompdf/dompdf_config.inc.php' (include_path='C:\xampp\php\PEAR;/path/to/dompdf') in C:\xampp\htdocs\golf-1\wp-content\themes\golfcourse\templates\user-download-card.php on line 9

2019-01-29T13:11:22+00:00 CRITICAL require_once(): Failed opening required 'http://localhost/golf-1dompdf/dompdf_config.inc.php' (include_path='C:\xampp\php\PEAR;/path/to/dompdf') in C:\xampp\htdocs\golf-1\wp-content\themes\golfcourse\templates\user-download-card.php on line 9

2019-01-29T13:12:04+00:00 CRITICAL require_once(): Failed opening required '&quot;http://localhost/golf-1/dompdf/dompdf_config.inc.php&quot;' (include_path='C:\xampp\php\PEAR;/path/to/dompdf') in C:\xampp\htdocs\golf-1\wp-content\themes\golfcourse\templates\user-download-card.php on line 9

2019-01-29T13:12:25+00:00 CRITICAL require_once(): Failed opening required '&quot;http://localhost/golf-1/dompdf/dompdf_config.inc.php&quot;' (include_path='C:\xampp\php\PEAR') in C:\xampp\htdocs\golf-1\wp-content\themes\golfcourse\templates\user-download-card.php on line 8

2019-01-29T13:13:14+00:00 CRITICAL require_once(): Failed opening required 'site_url(dompdf/autoload.inc.php)' (include_path='C:\xampp\php\PEAR') in C:\xampp\htdocs\golf-1\wp-content\themes\golfcourse\templates\user-download-card.php on line 8

2019-01-29T13:13:39+00:00 CRITICAL require_once(): Failed opening required '&quot;http://localhost/golf-1/dompdf/autoload.inc.php&quot;' (include_path='C:\xampp\php\PEAR') in C:\xampp\htdocs\golf-1\wp-content\themes\golfcourse\templates\user-download-card.php on line 8

2019-01-29T13:14:31+00:00 CRITICAL require_once(): Failed opening required '&quot;http://localhost/golf-1/wp-content/themes/golfcourse/dompdf/autoload.inc.php&quot;' (include_path='C:\xampp\php\PEAR') in C:\xampp\htdocs\golf-1\wp-content\themes\golfcourse\templates\user-download-card.php on line 8

2019-01-29T13:15:08+00:00 CRITICAL require_once(): Failed opening required '&quot;http://localhost/golf-1/wp-content/themes/golfcourse/dompdf/dompdf_config.inc.php&quot;' (include_path='C:\xampp\php\PEAR') in C:\xampp\htdocs\golf-1\wp-content\themes\golfcourse\templates\user-download-card.php on line 8

2019-01-29T13:17:19+00:00 CRITICAL require_once(): Failed opening required 'dompdf/dompdf_config.inc.php' (include_path='C:\xampp\php\PEAR') in C:\xampp\htdocs\golf-1\wp-content\themes\golfcourse\templates\user-download-card.php on line 11

2019-01-29T13:18:05+00:00 CRITICAL require_once(): Failed opening required 'C:\xampp\htdocs\golf-1/dompdf/dompdf_config.inc.php' (include_path='C:\xampp\php\PEAR') in C:\xampp\htdocs\golf-1\wp-content\themes\golfcourse\templates\user-download-card.php on line 11

2019-01-29T13:19:17+00:00 CRITICAL Uncaught exception 'DOMPDF_Exception' with message 'Requested HTML document contains no data.' in C:\xampp\htdocs\golf-1\wp-content\themes\golfcourse\dompdf\include\frame_tree.cls.php:114
Stack trace:
#0 C:\xampp\htdocs\golf-1\wp-content\themes\golfcourse\dompdf\include\dompdf.cls.php(533): Frame_Tree->build_tree()
#1 C:\xampp\htdocs\golf-1\wp-content\themes\golfcourse\dompdf\include\dompdf.cls.php(696): DOMPDF->_process_html()
#2 C:\xampp\htdocs\golf-1\wp-content\themes\golfcourse\templates\user-download-card.php(15): DOMPDF->render()
#3 C:\xampp\htdocs\golf-1\wp-includes\template-loader.php(74): include('C:\\xampp\\htdocs...')
#4 C:\xampp\htdocs\golf-1\wp-blog-header.php(19): require_once('C:\\xampp\\htdocs...')
#5 C:\xampp\htdocs\golf-1\index.php(17): require('C:\\xampp\\htdocs...')
#6 {main}
  thrown in C:\xampp\htdocs\golf-1\wp-content\themes\golfcourse\dompdf\include\frame_tree.cls.php on line 114

2019-01-29T13:23:14+00:00 CRITICAL Uncaught exception 'DOMPDF_Exception' with message 'Requested HTML document contains no data.' in C:\xampp\htdocs\golf-1\wp-content\themes\golfcourse\dompdf\include\frame_tree.cls.php:114
Stack trace:
#0 C:\xampp\htdocs\golf-1\wp-content\themes\golfcourse\dompdf\include\dompdf.cls.php(533): Frame_Tree->build_tree()
#1 C:\xampp\htdocs\golf-1\wp-content\themes\golfcourse\dompdf\include\dompdf.cls.php(696): DOMPDF->_process_html()
#2 C:\xampp\htdocs\golf-1\wp-content\themes\golfcourse\templates\download-card.php(13): DOMPDF->render()
#3 C:\xampp\htdocs\golf-1\wp-includes\template-loader.php(74): include('C:\\xampp\\htdocs...')
#4 C:\xampp\htdocs\golf-1\wp-blog-header.php(19): require_once('C:\\xampp\\htdocs...')
#5 C:\xampp\htdocs\golf-1\index.php(17): require('C:\\xampp\\htdocs...')
#6 {main}
  thrown in C:\xampp\htdocs\golf-1\wp-content\themes\golfcourse\dompdf\include\frame_tree.cls.php on line 114

2019-01-29T13:24:31+00:00 CRITICAL Allowed memory size of 134217728 bytes exhausted (tried to allocate 16384 bytes) in C:\xampp\htdocs\golf-1\wp-content\themes\golfcourse\templates\download-card.php on line 7

2019-01-29T13:25:34+00:00 CRITICAL Allowed memory size of 268435456 bytes exhausted (tried to allocate 3600 bytes) in C:\xampp\htdocs\golf-1\wp-content\themes\golfcourse\templates\download-card.php on line 35

2019-01-29T13:26:43+00:00 CRITICAL Allowed memory size of 268435456 bytes exhausted (tried to allocate 3600 bytes) in C:\xampp\htdocs\golf-1\wp-content\themes\golfcourse\templates\download-card.php on line 35

2019-01-29T13:27:01+00:00 CRITICAL Allowed memory size of 134217728 bytes exhausted (tried to allocate 16384 bytes) in C:\xampp\htdocs\golf-1\wp-content\themes\golfcourse\templates\download-card.php on line 7

2019-01-29T13:28:13+00:00 CRITICAL Out of memory (allocated 1796997120) (tried to allocate 16384 bytes) in C:\xampp\htdocs\golf-1\wp-content\themes\golfcourse\templates\download-card.php on line 7

2019-01-29T13:29:10+00:00 CRITICAL syntax error, unexpected '<' in C:\xampp\htdocs\golf-1\wp-content\themes\golfcourse\templates\download-card.php on line 9

2019-01-29T13:29:24+00:00 CRITICAL syntax error, unexpected 'echo' (T_ECHO) in C:\xampp\htdocs\golf-1\wp-content\themes\golfcourse\templates\download-card.php on line 9

2019-01-29T13:34:59+00:00 CRITICAL Uncaught exception 'DOMPDF_Exception' with message 'Requested HTML document contains no data.' in C:\xampp\htdocs\golf-1\wp-content\themes\golfcourse\dompdf\include\frame_tree.cls.php:114
Stack trace:
#0 C:\xampp\htdocs\golf-1\wp-content\themes\golfcourse\dompdf\include\dompdf.cls.php(533): Frame_Tree->build_tree()
#1 C:\xampp\htdocs\golf-1\wp-content\themes\golfcourse\dompdf\include\dompdf.cls.php(696): DOMPDF->_process_html()
#2 C:\xampp\htdocs\golf-1\wp-content\themes\golfcourse\templates\download-card.php(15): DOMPDF->render()
#3 C:\xampp\htdocs\golf-1\wp-includes\template-loader.php(74): include('C:\\xampp\\htdocs...')
#4 C:\xampp\htdocs\golf-1\wp-blog-header.php(19): require_once('C:\\xampp\\htdocs...')
#5 C:\xampp\htdocs\golf-1\index.php(17): require('C:\\xampp\\htdocs...')
#6 {main}
  thrown in C:\xampp\htdocs\golf-1\wp-content\themes\golfcourse\dompdf\include\frame_tree.cls.php on line 114

2019-01-29T13:39:43+00:00 CRITICAL syntax error, unexpected 'assets' (T_STRING) in C:\xampp\htdocs\golf-1\wp-content\themes\golfcourse\templates\download-card.php on line 20

2019-01-29T13:49:38+00:00 CRITICAL Class 'DOMPDF' not found in C:\xampp\htdocs\golf-1\wp-content\themes\golfcourse\templates\download-card.php on line 6

2019-01-29T13:50:24+00:00 CRITICAL syntax error, unexpected ''</div>'' (T_CONSTANT_ENCAPSED_STRING) in C:\xampp\htdocs\golf-1\wp-content\themes\golfcourse\templates\download-card.php on line 14

2019-01-29T13:50:50+00:00 CRITICAL syntax error, unexpected ''</div>'' (T_CONSTANT_ENCAPSED_STRING) in C:\xampp\htdocs\golf-1\wp-content\themes\golfcourse\templates\download-card.php on line 14

2019-01-29T13:51:11+00:00 CRITICAL syntax error, unexpected ''</div><div class="text-center' (T_CONSTANT_ENCAPSED_STRING) in C:\xampp\htdocs\golf-1\wp-content\themes\golfcourse\templates\download-card.php on line 14

2019-01-29T13:51:24+00:00 CRITICAL syntax error, unexpected 'position' (T_STRING) in C:\xampp\htdocs\golf-1\wp-content\themes\golfcourse\templates\download-card.php on line 13

